0 info it worked if it ends with ok
1 verbose cli [ '/usr/bin/node', '/usr/bin/npm', 'publish', './' ]
2 info using npm@1.4.28
3 info using node@v0.10.40
4 verbose node symlink /usr/bin/node
5 verbose publish [ './' ]
6 verbose cache add [ './', null ]
7 verbose cache add name=undefined spec="./" args=["./",null]
8 verbose parsed url { protocol: null,
8 verbose parsed url   slashes: null,
8 verbose parsed url   auth: null,
8 verbose parsed url   host: null,
8 verbose parsed url   port: null,
8 verbose parsed url   hostname: null,
8 verbose parsed url   hash: null,
8 verbose parsed url   search: null,
8 verbose parsed url   query: null,
8 verbose parsed url   pathname: './',
8 verbose parsed url   path: './',
8 verbose parsed url   href: './' }
9 silly lockFile 0ee6c175- ./
10 verbose lock ./ /home/sudiproy/.npm/0ee6c175-.lock
11 verbose tar pack [ '/home/sudiproy/.npm/rb-calendar/0.0.2/package.tgz', './' ]
12 verbose tarball /home/sudiproy/.npm/rb-calendar/0.0.2/package.tgz
13 verbose folder ./
14 info prepublish rb-calendar@0.0.2
15 silly lockFile 04cb2bca-tar tar://./
16 verbose lock tar://./ /home/sudiproy/.npm/04cb2bca-tar.lock
17 silly lockFile de835c21-pm-rb-calendar-0-0-2-package-tgz tar:///home/sudiproy/.npm/rb-calendar/0.0.2/package.tgz
18 verbose lock tar:///home/sudiproy/.npm/rb-calendar/0.0.2/package.tgz /home/sudiproy/.npm/de835c21-pm-rb-calendar-0-0-2-package-tgz.lock
19 silly lockFile 04cb2bca-tar tar://./
20 silly lockFile 04cb2bca-tar tar://./
21 silly lockFile de835c21-pm-rb-calendar-0-0-2-package-tgz tar:///home/sudiproy/.npm/rb-calendar/0.0.2/package.tgz
22 silly lockFile de835c21-pm-rb-calendar-0-0-2-package-tgz tar:///home/sudiproy/.npm/rb-calendar/0.0.2/package.tgz
23 silly lockFile 7559f230-oy-npm-rb-calendar-0-0-2-package /home/sudiproy/.npm/rb-calendar/0.0.2/package
24 verbose lock /home/sudiproy/.npm/rb-calendar/0.0.2/package /home/sudiproy/.npm/7559f230-oy-npm-rb-calendar-0-0-2-package.lock
25 silly lockFile 7559f230-oy-npm-rb-calendar-0-0-2-package /home/sudiproy/.npm/rb-calendar/0.0.2/package
26 silly lockFile 7559f230-oy-npm-rb-calendar-0-0-2-package /home/sudiproy/.npm/rb-calendar/0.0.2/package
27 silly lockFile 0ee6c175- ./
28 silly lockFile 0ee6c175- ./
29 silly publish { name: 'rb-calendar',
29 silly publish   version: '0.0.2',
29 silly publish   description: 'A calendar library for redBus',
29 silly publish   main: 'index.js',
29 silly publish   scripts: { test: 'echo "Error: no test specified" && exit 1' },
29 silly publish   keywords: [ 'calendar', 'javascript' ],
29 silly publish   author: { name: 'Sudip Roy', email: 'sudiproy89@hotmail.com' },
29 silly publish   license: 'ISC',
29 silly publish   dependencies: { jquery: '^2.1.4', moment: '^2.10.6' },
29 silly publish   readme: 'This library is to be used for creating calendar widgets. This has a dependency on momentjs and jquery.\nThe dependency on jquery will be removed in sometime. This calendar module is currently being used in http://www.redBus.in\n\nDownload:-\n\nnpm install rb-calendar\n\n\nExample :-\n\nvar Calendar = require(\'rb-calendar\');\n\nvar domCalendar = Calendar();\n//this is generate a calendar from todays date and show 2 months at a time\ndomCalendar.init(id_of_dom_elem_bound_to_calendar,{\n\tmonths : 2//specifies no of months\n},function(date){//callback\n\t//do something with selected date\n});\n\n//this will generate a datepicker for date of birth selection and calendar\'s end date will be today\'s date\ndomCalendar.init(id_of_dom_elem_bound_to_calendar,{\n\tshowYearAndMonthMenu : true//specifies if month and year selection is to be enabled\n},function(date){//callback\n\t//do something with selected date\n});\n',
29 silly publish   readmeFilename: 'README.md',
29 silly publish   _id: 'rb-calendar@0.0.2',
29 silly publish   _shasum: 'ee5352a3fbd8698ca24fac0db1e087ab7fc99ee1',
29 silly publish   _from: './' }
30 verbose request where is /rb-calendar
31 verbose request registry https://registry.npmjs.org/
32 verbose request id dc9bcac27db4ad61
33 verbose url raw /rb-calendar
34 verbose url resolving [ 'https://registry.npmjs.org/', './rb-calendar' ]
35 verbose url resolved https://registry.npmjs.org/rb-calendar
36 verbose request where is https://registry.npmjs.org/rb-calendar
37 info trying registry request attempt 1 at 23:01:56
38 http PUT https://registry.npmjs.org/rb-calendar
39 http 403 https://registry.npmjs.org/rb-calendar
40 verbose headers { 'content-type': 'application/json',
40 verbose headers   'cache-control': 'max-age=60',
40 verbose headers   'content-length': '95',
40 verbose headers   'accept-ranges': 'bytes',
40 verbose headers   date: 'Sun, 25 Oct 2015 17:31:59 GMT',
40 verbose headers   via: '1.1 varnish',
40 verbose headers   connection: 'keep-alive',
40 verbose headers   'x-served-by': 'cache-nrt6123-NRT',
40 verbose headers   'x-cache': 'MISS',
40 verbose headers   'x-cache-hits': '0',
40 verbose headers   'x-timer': 'S1445794318.715763,VS0,VE684' }
41 error publish Failed PUT 403
42 error Error: "You cannot publish over the previously published version 0.0.2." : rb-calendar
42 error     at RegClient.<anonymous> (/usr/lib/node_modules/npm/node_modules/npm-registry-client/lib/request.js:308:14)
42 error     at Request._callback (/usr/lib/node_modules/npm/node_modules/npm-registry-client/lib/request.js:246:65)
42 error     at Request.self.callback (/usr/lib/node_modules/npm/node_modules/request/request.js:236:22)
42 error     at Request.emit (events.js:98:17)
42 error     at Request.<anonymous> (/usr/lib/node_modules/npm/node_modules/request/request.js:1142:14)
42 error     at Request.emit (events.js:117:20)
42 error     at IncomingMessage.<anonymous> (/usr/lib/node_modules/npm/node_modules/request/request.js:1096:12)
42 error     at IncomingMessage.emit (events.js:117:20)
42 error     at _stream_readable.js:944:16
42 error     at process._tickCallback (node.js:448:13)
43 error If you need help, you may report this *entire* log,
43 error including the npm and node versions, at:
43 error     <http://github.com/npm/npm/issues>
44 error System Linux 3.13.0-63-generic
45 error command "/usr/bin/node" "/usr/bin/npm" "publish" "./"
46 error cwd /home/sudiproy/npmPackages/calendar
47 error node -v v0.10.40
48 error npm -v 1.4.28
49 verbose exit [ 1, true ]
